<?xml version="1.0" encoding="UTF-8"?>
<!-- Generated by org.testng.reporters.JUnitReportReporter -->
<testsuite skipped="0" hostname="Desta" name="runner.Runner" tests="2" failures="0" timestamp="2022-07-20T00:38:39 ICT" time="17.631" errors="0">
  <testcase name="runScenario" time="7.762" classname="runner.Runner"/>
  <system-out/>
  <testcase name="runScenario" time="9.869" classname="runner.Runner"/>
  <system-out/>
</testsuite> <!-- runner.Runner -->
