<?xml version="1.0" encoding="UTF-8"?>
<!-- Generated by org.testng.reporters.JUnitReportReporter -->
<testsuite skipped="0" hostname="Desta" name="runner.Runner" tests="2" failures="0" timestamp="2022-07-20T00:37:54 ICT" time="18.944" errors="0">
  <testcase name="runScenario" time="10.862" classname="runner.Runner"/>
  <system-out/>
  <testcase name="runScenario" time="8.082" classname="runner.Runner"/>
  <system-out/>
</testsuite> <!-- runner.Runner -->
