<?xml version="1.0" encoding="UTF-8"?>
<!-- Generated by org.testng.reporters.JUnitReportReporter -->
<testsuite skipped="2" hostname="Desta" name="runner.Runner" tests="2" failures="0" timestamp="2022-07-18T23:07:14 ICT" time="37.677" errors="0">
  <testcase name="runScenario" time="11.836" classname="runner.Runner">
    <skipped/>
  </testcase> <!-- runScenario -->
  <system-out/>
  <testcase name="runScenario" time="25.841" classname="runner.Runner">
    <skipped/>
  </testcase> <!-- runScenario -->
  <system-out/>
</testsuite> <!-- runner.Runner -->
