<?xml version="1.0" encoding="UTF-8"?>
<!-- Generated by org.testng.reporters.JUnitReportReporter -->
<testsuite skipped="0" hostname="Desta" name="runnerFiles.RunnerFilesTestNG" tests="2" failures="0" timestamp="2022-07-15T21:47:40 ICT" time="0.180" errors="0">
  <testcase name="runScenario" time="0.177" classname="runnerFiles.RunnerFilesTestNG"/>
  <system-out/>
  <testcase name="runScenario" time="0.003" classname="runnerFiles.RunnerFilesTestNG"/>
  <system-out/>
</testsuite> <!-- runnerFiles.RunnerFilesTestNG -->
