<?xml version="1.0" encoding="UTF-8"?>
<!-- Generated by org.testng.reporters.JUnitReportReporter -->
<testsuite skipped="1" hostname="Desta" name="runnerFiles.RunnerFilesTestNG" tests="12" failures="0" timestamp="2022-07-18T19:56:31 ICT" time="0.387" errors="0">
  <testcase name="runScenario" time="0.010" classname="runnerFiles.RunnerFilesTestNG"/>
  <system-out/>
  <testcase name="runScenario" time="0.017" classname="runnerFiles.RunnerFilesTestNG"/>
  <system-out/>
  <testcase name="runScenario" time="0.247" classname="runnerFiles.RunnerFilesTestNG">
    <skipped/>
  </testcase> <!-- runScenario -->
  <system-out/>
  <testcase name="runScenario" time="0.011" classname="runnerFiles.RunnerFilesTestNG"/>
  <system-out/>
  <testcase name="runScenario" time="0.005" classname="runnerFiles.RunnerFilesTestNG"/>
  <system-out/>
  <testcase name="runScenario" time="0.015" classname="runnerFiles.RunnerFilesTestNG"/>
  <system-out/>
  <testcase name="runScenario" time="0.017" classname="runnerFiles.RunnerFilesTestNG"/>
  <system-out/>
  <testcase name="runScenario" time="0.027" classname="runnerFiles.RunnerFilesTestNG"/>
  <system-out/>
  <testcase name="runScenario" time="0.010" classname="runnerFiles.RunnerFilesTestNG"/>
  <system-out/>
  <testcase name="runScenario" time="0.012" classname="runnerFiles.RunnerFilesTestNG"/>
  <system-out/>
  <testcase name="runScenario" time="0.006" classname="runnerFiles.RunnerFilesTestNG"/>
  <system-out/>
  <testcase name="runScenario" time="0.010" classname="runnerFiles.RunnerFilesTestNG"/>
  <system-out/>
</testsuite> <!-- runnerFiles.RunnerFilesTestNG -->
