<?xml version="1.0" encoding="UTF-8"?>
<!-- Generated by org.testng.reporters.JUnitReportReporter -->
<testsuite skipped="0" hostname="Desta" name="runnerFiles.RunnerFilesTestNG" tests="2" failures="0" timestamp="2022-07-16T00:18:51 ICT" time="0.142" errors="0">
  <testcase name="runScenario" time="0.137" classname="runnerFiles.RunnerFilesTestNG"/>
  <system-out/>
  <testcase name="runScenario" time="0.005" classname="runnerFiles.RunnerFilesTestNG"/>
  <system-out/>
</testsuite> <!-- runnerFiles.RunnerFilesTestNG -->
