<?xml version="1.0" encoding="UTF-8"?>
<!-- Generated by org.testng.reporters.JUnitReportReporter -->
<testsuite skipped="0" hostname="Desta" name="runnerFiles.RunnerFilesTestNG" tests="10" failures="0" timestamp="2022-07-16T00:51:46 ICT" time="0.233" errors="0">
  <testcase name="runScenario" time="0.019" classname="runnerFiles.RunnerFilesTestNG"/>
  <system-out/>
  <testcase name="runScenario" time="0.006" classname="runnerFiles.RunnerFilesTestNG"/>
  <system-out/>
  <testcase name="runScenario" time="0.009" classname="runnerFiles.RunnerFilesTestNG"/>
  <system-out/>
  <testcase name="runScenario" time="0.013" classname="runnerFiles.RunnerFilesTestNG"/>
  <system-out/>
  <testcase name="runScenario" time="0.008" classname="runnerFiles.RunnerFilesTestNG"/>
  <system-out/>
  <testcase name="runScenario" time="0.145" classname="runnerFiles.RunnerFilesTestNG"/>
  <system-out/>
  <testcase name="runScenario" time="0.012" classname="runnerFiles.RunnerFilesTestNG"/>
  <system-out/>
  <testcase name="runScenario" time="0.005" classname="runnerFiles.RunnerFilesTestNG"/>
  <system-out/>
  <testcase name="runScenario" time="0.008" classname="runnerFiles.RunnerFilesTestNG"/>
  <system-out/>
  <testcase name="runScenario" time="0.008" classname="runnerFiles.RunnerFilesTestNG"/>
  <system-out/>
</testsuite> <!-- runnerFiles.RunnerFilesTestNG -->
