<?xml version="1.0" encoding="UTF-8"?>
<!-- Generated by org.testng.reporters.JUnitReportReporter -->
<testsuite skipped="0" hostname="Desta" name="runnerFiles.RunnerFilesTestNG" tests="2" failures="0" timestamp="2022-07-18T21:24:29 ICT" time="205.352" errors="0">
  <testcase name="runScenario" time="183.975" classname="runnerFiles.RunnerFilesTestNG"/>
  <system-out/>
  <testcase name="runScenario" time="21.377" classname="runnerFiles.RunnerFilesTestNG"/>
  <system-out/>
</testsuite> <!-- runnerFiles.RunnerFilesTestNG -->
