<?xml version="1.0" encoding="UTF-8"?>
<!-- Generated by org.testng.reporters.JUnitReportReporter -->
<testsuite skipped="0" hostname="Desta" name="runner.Runner" tests="2" failures="0" timestamp="2022-07-18T23:22:46 ICT" time="27.370" errors="0">
  <testcase name="runScenario" time="12.189" classname="runner.Runner"/>
  <system-out/>
  <testcase name="runScenario" time="15.181" classname="runner.Runner"/>
  <system-out/>
</testsuite> <!-- runner.Runner -->
